{
  "stats": {
    "suites": 12,
    "tests": 41,
    "passes": 9,
    "pending": 0,
    "failures": 32,
    "start": "2022-07-04T21:31:42.345Z",
    "end": "2022-07-04T21:34:19.382Z",
    "duration": 157037,
    "testsRegistered": 41,
    "passPercent": 21.951219512195124,
    "pendingPercent": 0,
    "other": 0,
    "hasOther": false,
    "skipped": 0,
    "hasSkipped": false
  },
  "results": [
    {
      "uuid": "21981bd7-ac13-4f96-a9cc-4c339a2540b1",
      "title": "",
      "fullFile": "cypress/integration/project.spec.js",
      "file": "cypress/integration/project.spec.js",
      "beforeHooks": [],
      "afterHooks": [],
      "tests": [],
      "suites": [
        {
          "uuid": "b798cbd2-feb8-40b4-8ed7-d785a0bd892a",
          "title": "1 - Adicione à página o título \"Paleta de Cores\".",
          "fullFile": "",
          "file": "",
          "beforeHooks": [],
          "afterHooks": [],
          "tests": [
            {
              "title": "Verifica se contém um elemento `h1` com o id `title` com o título correto",
              "fullTitle": "1 - Adicione à página o título \"Paleta de Cores\". Verifica se contém um elemento `h1` com o id `title` com o título correto",
              "timedOut": null,
              "duration": 750,
              "state": "passed",
              "speed": "slow",
              "pass": true,
              "fail": false,
              "pending": false,
              "context": null,
              "code": "cy.get('h1#title').should('contain.text', 'Paleta de Cores');",
              "err": {},
              "uuid": "d868f0cf-b19a-4997-b20c-2065534bcdc9",
              "parentUUID": "b798cbd2-feb8-40b4-8ed7-d785a0bd892a",
              "isHook": false,
              "skipped": false
            }
          ],
          "suites": [],
          "passes": [
            "d868f0cf-b19a-4997-b20c-2065534bcdc9"
          ],
          "failures": [],
          "pending": [],
          "skipped": [],
          "duration": 750,
          "root": false,
          "rootEmpty": false,
          "_timeout": 2000
        },
        {
          "uuid": "61ef0129-d252-4787-89b2-218e7fd9f20d",
          "title": "2 - Adicione à página uma paleta de quatro cores distintas.",
          "fullFile": "",
          "file": "",
          "beforeHooks": [],
          "afterHooks": [],
          "tests": [
            {
              "title": "A paleta de cores deve ser um elemento com `id` denominado `color-palette` e ter mais de 0px de altura e de largura.",
              "fullTitle": "2 - Adicione à página uma paleta de quatro cores distintas. A paleta de cores deve ser um elemento com `id` denominado `color-palette` e ter mais de 0px de altura e de largura.",
              "timedOut": null,
              "duration": 487,
              "state": "passed",
              "speed": "slow",
              "pass": true,
              "fail": false,
              "pending": false,
              "context": null,
              "code": "cy.get('#color-palette').should('be.visible');\ncy.get('#color-palette').children('.color');",
              "err": {},
              "uuid": "06ed5629-b19f-49d1-9d34-4d087c86f20e",
              "parentUUID": "61ef0129-d252-4787-89b2-218e7fd9f20d",
              "isHook": false,
              "skipped": false
            },
            {
              "title": "Verifica se cada cor individual da paleta de cores possui a `classe` chamada `color`.",
              "fullTitle": "2 - Adicione à página uma paleta de quatro cores distintas. Verifica se cada cor individual da paleta de cores possui a `classe` chamada `color`.",
              "timedOut": null,
              "duration": 519,
              "state": "passed",
              "speed": "slow",
              "pass": true,
              "fail": false,
              "pending": false,
              "context": null,
              "code": "cy.get('.color').should('have.length', 4).then(function (colors) {\n  for (var i = 0; i < colors.length; i++) {\n    cy.wrap(colors[i]).should('be.visible');\n  }\n});",
              "err": {},
              "uuid": "01c9e092-a0ac-4e64-b914-54ecf13c1bca",
              "parentUUID": "61ef0129-d252-4787-89b2-218e7fd9f20d",
              "isHook": false,
              "skipped": false
            },
            {
              "title": "Verifica se a cor de fundo de cada elemento da paleta é a cor que o elemento representa. **A única cor não permitida na paleta é a cor branca.**",
              "fullTitle": "2 - Adicione à página uma paleta de quatro cores distintas. Verifica se a cor de fundo de cada elemento da paleta é a cor que o elemento representa. **A única cor não permitida na paleta é a cor branca.**",
              "timedOut": null,
              "duration": 592,
              "state": "passed",
              "speed": "slow",
              "pass": true,
              "fail": false,
              "pending": false,
              "context": null,
              "code": "cy.get('.color').each(function (color) {\n  cy.wrap(color).should('have.class', 'color').and('not.have.css', 'background-color', WHITE);\n  cy.wrap(color).should('have.css', 'background-color');\n});",
              "err": {},
              "uuid": "f1ff6466-2f20-4afe-976c-29a9effaa82c",
              "parentUUID": "61ef0129-d252-4787-89b2-218e7fd9f20d",
              "isHook": false,
              "skipped": false
            },
            {
              "title": "Verifica se cada elemento da paleta de cores tem uma borda preta, sólida e com 1 pixel de largura;",
              "fullTitle": "2 - Adicione à página uma paleta de quatro cores distintas. Verifica se cada elemento da paleta de cores tem uma borda preta, sólida e com 1 pixel de largura;",
              "timedOut": null,
              "duration": 417,
              "state": "passed",
              "speed": "slow",
              "pass": true,
              "fail": false,
              "pending": false,
              "context": null,
              "code": "cy.get('.color').each(function (color) {\n  cy.wrap(color).and('have.css', 'border', \"1px solid \".concat(BLACK)).and('have.class', 'color');\n});",
              "err": {},
              "uuid": "4b23b131-e3f4-4168-a407-0cb4e659ac65",
              "parentUUID": "61ef0129-d252-4787-89b2-218e7fd9f20d",
              "isHook": false,
              "skipped": false
            },
            {
              "title": "Verifica se a paleta lista todas as cores disponíveis para utilização, lado a lado.",
              "fullTitle": "2 - Adicione à página uma paleta de quatro cores distintas. Verifica se a paleta lista todas as cores disponíveis para utilização, lado a lado.",
              "timedOut": null,
              "duration": 4742,
              "state": "failed",
              "speed": null,
              "pass": false,
              "fail": true,
              "pending": false,
              "context": null,
              "code": "cy.get('.color').then(function (colors) {\n  for (var index = 1; index < colors.length; index += 1) {\n    var currentColor = colors[index];\n    var previousColor = colors[index - 1];\n    cy.wrap(currentColor).should('be.onTheRightOf', previousColor).and('be.horizontallyAlignedWith', previousColor);\n  }\n});",
              "err": {
                "message": "CypressError: Timed out retrying: expected '<div#vermelho.color>' to be on the right of <div class=\"color\" id=\"verde\"></div>",
                "estack": "CypressError: Timed out retrying: expected '<div#vermelho.color>' to be on the right of <div class=\"color\" id=\"verde\"></div>\n    at cypressErr (http://localhost:43941/__cypress/runner/cypress_runner.js:149934:9)\n    at throwErr (http://localhost:43941/__cypress/runner/cypress_runner.js:149867:11)\n    at Object.throwErrByPath (http://localhost:43941/__cypress/runner/cypress_runner.js:149915:3)\n    at retry (http://localhost:43941/__cypress/runner/cypress_runner.js:144197:19)\n    at onFailFn (http://localhost:43941/__cypress/runner/cypress_runner.js:132448:16)\n    at tryCatcher (http://localhost:43941/__cypress/runner/cypress_runner.js:167415:23)\n    at Promise._settlePromiseFromHandler (http://localhost:43941/__cypress/runner/cypress_runner.js:165351:31)\n    at Promise._settlePromise (http://localhost:43941/__cypress/runner/cypress_runner.js:165408:18)\n    at Promise._settlePromise0 (http://localhost:43941/__cypress/runner/cypress_runner.js:165453:10)\n    at Promise._settlePromises (http://localhost:43941/__cypress/runner/cypress_runner.js:165528:18)\n    at Async../node_modules/bluebird/js/release/async.js.Async._drainQueue (http://localhost:43941/__cypress/runner/cypress_runner.js:162140:16)\n    at Async../node_modules/bluebird/js/release/async.js.Async._drainQueues (http://localhost:43941/__cypress/runner/cypress_runner.js:162150:10)\n    at Async.drainQueues (http://localhost:43941/__cypress/runner/cypress_runner.js:162024:14)",
                "diff": null
              },
              "uuid": "57326139-bf4d-468d-845d-c6321ee8f254",
              "parentUUID": "61ef0129-d252-4787-89b2-218e7fd9f20d",
              "isHook": false,
              "skipped": false
            },
            {
              "title": "Verifica se a paleta de cores está posicionada abaixo do título 'Paleta de Cores'",
              "fullTitle": "2 - Adicione à página uma paleta de quatro cores distintas. Verifica se a paleta de cores está posicionada abaixo do título 'Paleta de Cores'",
              "timedOut": null,
              "duration": 677,
              "state": "passed",
              "speed": "slow",
              "pass": true,
              "fail": false,
              "pending": false,
              "context": null,
              "code": "cy.get('h1#title').then(function (title) {\n  cy.get('#color-palette').should('be.belowOf', title);\n});",
              "err": {},
              "uuid": "66a7263c-2481-4c0d-bd69-191efe8338aa",
              "parentUUID": "61ef0129-d252-4787-89b2-218e7fd9f20d",
              "isHook": false,
              "skipped": false
            },
            {
              "title": "Verifica se a paleta de cores não contém cores repetidas.",
              "fullTitle": "2 - Adicione à página uma paleta de quatro cores distintas. Verifica se a paleta de cores não contém cores repetidas.",
              "timedOut": null,
              "duration": 408,
              "state": "passed",
              "speed": "slow",
              "pass": true,
              "fail": false,
              "pending": false,
              "context": null,
              "code": "cy.get('.color').then(function (colors) {\n  var allColors = Array.from(colors).map(function (color) {\n    return Cypress.$(color).css('background-color');\n  });\n  cy.log(allColors);\n  var uniqColors = (0, _toConsumableArray2[\"default\"])(new Set(allColors));\n  cy.log(uniqColors);\n  expect(allColors.length).to.eq(uniqColors.length);\n});",
              "err": {},
              "uuid": "a3b7edc0-fab4-4678-af18-3ad952eeb068",
              "parentUUID": "61ef0129-d252-4787-89b2-218e7fd9f20d",
              "isHook": false,
              "skipped": false
            }
          ],
          "suites": [],
          "passes": [
            "06ed5629-b19f-49d1-9d34-4d087c86f20e",
            "01c9e092-a0ac-4e64-b914-54ecf13c1bca",
            "f1ff6466-2f20-4afe-976c-29a9effaa82c",
            "4b23b131-e3f4-4168-a407-0cb4e659ac65",
            "66a7263c-2481-4c0d-bd69-191efe8338aa",
            "a3b7edc0-fab4-4678-af18-3ad952eeb068"
          ],
          "failures": [
            "57326139-bf4d-468d-845d-c6321ee8f254"
          ],
          "pending": [],
          "skipped": [],
          "duration": 7842,
          "root": false,
          "rootEmpty": false,
          "_timeout": 2000
        },
        {
          "uuid": "d2ebd350-8a0b-42b0-b8f4-31850d72d016",
          "title": "3 - Adicione a cor **preta** como a primeira cor da paleta de cores.",
          "fullFile": "",
          "file": "",
          "beforeHooks": [],
          "afterHooks": [],
          "tests": [
            {
              "title": "Verifica se a primeira cor da paleta é preta",
              "fullTitle": "3 - Adicione a cor **preta** como a primeira cor da paleta de cores. Verifica se a primeira cor da paleta é preta",
              "timedOut": null,
              "duration": 4715,
              "state": "failed",
              "speed": null,
              "pass": false,
              "fail": true,
              "pending": false,
              "context": null,
              "code": "cy.get('.color').first().should('have.css', 'background-color', BLACK);",
              "err": {
                "message": "CypressError: Timed out retrying: expected '<div#verde.color>' to have CSS property 'background-color' with the value 'rgb(0, 0, 0)', but the value was 'rgb(0, 128, 0)'",
                "estack": "CypressError: Timed out retrying: expected '<div#verde.color>' to have CSS property 'background-color' with the value 'rgb(0, 0, 0)', but the value was 'rgb(0, 128, 0)'\n    at cypressErr (http://localhost:43941/__cypress/runner/cypress_runner.js:149934:9)\n    at throwErr (http://localhost:43941/__cypress/runner/cypress_runner.js:149867:11)\n    at Object.throwErrByPath (http://localhost:43941/__cypress/runner/cypress_runner.js:149915:3)\n    at retry (http://localhost:43941/__cypress/runner/cypress_runner.js:144197:19)\n    at onFailFn (http://localhost:43941/__cypress/runner/cypress_runner.js:132448:16)\n    at tryCatcher (http://localhost:43941/__cypress/runner/cypress_runner.js:167415:23)\n    at Promise._settlePromiseFromHandler (http://localhost:43941/__cypress/runner/cypress_runner.js:165351:31)\n    at Promise._settlePromise (http://localhost:43941/__cypress/runner/cypress_runner.js:165408:18)\n    at Promise._settlePromise0 (http://localhost:43941/__cypress/runner/cypress_runner.js:165453:10)\n    at Promise._settlePromises (http://localhost:43941/__cypress/runner/cypress_runner.js:165528:18)\n    at Async../node_modules/bluebird/js/release/async.js.Async._drainQueue (http://localhost:43941/__cypress/runner/cypress_runner.js:162140:16)\n    at Async../node_modules/bluebird/js/release/async.js.Async._drainQueues (http://localhost:43941/__cypress/runner/cypress_runner.js:162150:10)\n    at Async.drainQueues (http://localhost:43941/__cypress/runner/cypress_runner.js:162024:14)",
                "diff": null
              },
              "uuid": "c598543f-364c-4ba4-8193-4fa65964943a",
              "parentUUID": "d2ebd350-8a0b-42b0-b8f4-31850d72d016",
              "isHook": false,
              "skipped": false
            },
            {
              "title": "Verifica se as demais cores podem ser escolhidas livremente.",
              "fullTitle": "3 - Adicione a cor **preta** como a primeira cor da paleta de cores. Verifica se as demais cores podem ser escolhidas livremente.",
              "timedOut": null,
              "duration": 625,
              "state": "passed",
              "speed": "slow",
              "pass": true,
              "fail": false,
              "pending": false,
              "context": null,
              "code": "cy.get('.color').eq(1).should('not.have.css', 'background-color', BLACK);\ncy.get('.color').eq(1).should('not.have.css', 'background-color', WHITE);\ncy.get('.color').eq(1).should('not.have.css', 'background-color', 'rgba(0, 0, 0, 0)');\ncy.get('.color').eq(1).should('have.css', 'background-color');\ncy.get('.color').eq(2).should('not.have.css', 'background-color', BLACK);\ncy.get('.color').eq(2).should('not.have.css', 'background-color', WHITE);\ncy.get('.color').eq(2).should('not.have.css', 'background-color', 'rgba(0, 0, 0, 0)');\ncy.get('.color').eq(2).should('have.css', 'background-color');\ncy.get('.color').eq(3).should('not.have.css', 'background-color', BLACK);\ncy.get('.color').eq(3).should('not.have.css', 'background-color', WHITE);\ncy.get('.color').eq(3).should('not.have.css', 'background-color', 'rgba(0, 0, 0, 0)');\ncy.get('.color').eq(3).should('have.css', 'background-color');",
              "err": {},
              "uuid": "19d537d1-ae00-4c57-a2c8-c08be8b03e91",
              "parentUUID": "d2ebd350-8a0b-42b0-b8f4-31850d72d016",
              "isHook": false,
              "skipped": false
            }
          ],
          "suites": [],
          "passes": [
            "19d537d1-ae00-4c57-a2c8-c08be8b03e91"
          ],
          "failures": [
            "c598543f-364c-4ba4-8193-4fa65964943a"
          ],
          "pending": [],
          "skipped": [],
          "duration": 5340,
          "root": false,
          "rootEmpty": false,
          "_timeout": 2000
        },
        {
          "uuid": "faeec850-f568-4337-930b-39f60e0cb123",
          "title": "4 - Adicione à página um quadro de pixels, com 25 pixels.",
          "fullFile": "",
          "file": "",
          "beforeHooks": [],
          "afterHooks": [],
          "tests": [
            {
              "title": "Verifica se o quadro de pixels possui o `id` denominado `pixel-board`",
              "fullTitle": "4 - Adicione à página um quadro de pixels, com 25 pixels. Verifica se o quadro de pixels possui o `id` denominado `pixel-board`",
              "timedOut": null,
              "duration": 4728,
              "state": "failed",
              "speed": null,
              "pass": false,
              "fail": true,
              "pending": false,
              "context": null,
              "code": "cy.get('#pixel-board').should('be.visible');",
              "err": {
                "message": "CypressError: Timed out retrying: Expected to find element: '#pixel-board', but never found it.",
                "estack": "CypressError: Timed out retrying: Expected to find element: '#pixel-board', but never found it.\n    at cypressErr (http://localhost:43941/__cypress/runner/cypress_runner.js:149934:9)\n    at throwErr (http://localhost:43941/__cypress/runner/cypress_runner.js:149867:11)\n    at Object.throwErrByPath (http://localhost:43941/__cypress/runner/cypress_runner.js:149915:3)\n    at retry (http://localhost:43941/__cypress/runner/cypress_runner.js:144197:19)\n    at onFailFn (http://localhost:43941/__cypress/runner/cypress_runner.js:132448:16)\n    at tryCatcher (http://localhost:43941/__cypress/runner/cypress_runner.js:167415:23)\n    at Promise._settlePromiseFromHandler (http://localhost:43941/__cypress/runner/cypress_runner.js:165351:31)\n    at Promise._settlePromise (http://localhost:43941/__cypress/runner/cypress_runner.js:165408:18)\n    at Promise._settlePromise0 (http://localhost:43941/__cypress/runner/cypress_runner.js:165453:10)\n    at Promise._settlePromises (http://localhost:43941/__cypress/runner/cypress_runner.js:165528:18)\n    at Async../node_modules/bluebird/js/release/async.js.Async._drainQueue (http://localhost:43941/__cypress/runner/cypress_runner.js:162140:16)\n    at Async../node_modules/bluebird/js/release/async.js.Async._drainQueues (http://localhost:43941/__cypress/runner/cypress_runner.js:162150:10)\n    at Async.drainQueues (http://localhost:43941/__cypress/runner/cypress_runner.js:162024:14)",
                "diff": null
              },
              "uuid": "569d00ff-bd00-4909-9301-6af4de946689",
              "parentUUID": "faeec850-f568-4337-930b-39f60e0cb123",
              "isHook": false,
              "skipped": false
            },
            {
              "title": "Verifica se cada pixel individual dentro do quadro possui a `classe` denominada `pixel`.",
              "fullTitle": "4 - Adicione à página um quadro de pixels, com 25 pixels. Verifica se cada pixel individual dentro do quadro possui a `classe` denominada `pixel`.",
              "timedOut": null,
              "duration": 5050,
              "state": "failed",
              "speed": null,
              "pass": false,
              "fail": true,
              "pending": false,
              "context": null,
              "code": "cy.get('.pixel').should('have.length', 25);",
              "err": {
                "message": "CypressError: Timed out retrying: Expected to find element: '.pixel', but never found it.",
                "estack": "CypressError: Timed out retrying: Expected to find element: '.pixel', but never found it.\n    at cypressErr (http://localhost:43941/__cypress/runner/cypress_runner.js:149934:9)\n    at throwErr (http://localhost:43941/__cypress/runner/cypress_runner.js:149867:11)\n    at Object.throwErrByPath (http://localhost:43941/__cypress/runner/cypress_runner.js:149915:3)\n    at retry (http://localhost:43941/__cypress/runner/cypress_runner.js:144197:19)\n    at onFailFn (http://localhost:43941/__cypress/runner/cypress_runner.js:132448:16)\n    at tryCatcher (http://localhost:43941/__cypress/runner/cypress_runner.js:167415:23)\n    at Promise._settlePromiseFromHandler (http://localhost:43941/__cypress/runner/cypress_runner.js:165351:31)\n    at Promise._settlePromise (http://localhost:43941/__cypress/runner/cypress_runner.js:165408:18)\n    at Promise._settlePromise0 (http://localhost:43941/__cypress/runner/cypress_runner.js:165453:10)\n    at Promise._settlePromises (http://localhost:43941/__cypress/runner/cypress_runner.js:165528:18)\n    at Async../node_modules/bluebird/js/release/async.js.Async._drainQueue (http://localhost:43941/__cypress/runner/cypress_runner.js:162140:16)\n    at Async../node_modules/bluebird/js/release/async.js.Async._drainQueues (http://localhost:43941/__cypress/runner/cypress_runner.js:162150:10)\n    at Async.drainQueues (http://localhost:43941/__cypress/runner/cypress_runner.js:162024:14)",
                "diff": null
              },
              "uuid": "232a5598-ecb6-4832-ba1c-d93a4e0aff70",
              "parentUUID": "faeec850-f568-4337-930b-39f60e0cb123",
              "isHook": false,
              "skipped": false
            },
            {
              "title": "Verifica se a cor inicial dos pixels dentro do quadro, ao abrir a página, é branca.",
              "fullTitle": "4 - Adicione à página um quadro de pixels, com 25 pixels. Verifica se a cor inicial dos pixels dentro do quadro, ao abrir a página, é branca.",
              "timedOut": null,
              "duration": 5055,
              "state": "failed",
              "speed": null,
              "pass": false,
              "fail": true,
              "pending": false,
              "context": null,
              "code": "cy.get('.pixel').should('have.length', 25).each(function (pixel) {\n  expect(pixel).to.have.css('background-color', WHITE);\n});",
              "err": {
                "message": "CypressError: Timed out retrying: Expected to find element: '.pixel', but never found it.",
                "estack": "CypressError: Timed out retrying: Expected to find element: '.pixel', but never found it.\n    at cypressErr (http://localhost:43941/__cypress/runner/cypress_runner.js:149934:9)\n    at throwErr (http://localhost:43941/__cypress/runner/cypress_runner.js:149867:11)\n    at Object.throwErrByPath (http://localhost:43941/__cypress/runner/cypress_runner.js:149915:3)\n    at retry (http://localhost:43941/__cypress/runner/cypress_runner.js:144197:19)\n    at onFailFn (http://localhost:43941/__cypress/runner/cypress_runner.js:132448:16)\n    at tryCatcher (http://localhost:43941/__cypress/runner/cypress_runner.js:167415:23)\n    at Promise._settlePromiseFromHandler (http://localhost:43941/__cypress/runner/cypress_runner.js:165351:31)\n    at Promise._settlePromise (http://localhost:43941/__cypress/runner/cypress_runner.js:165408:18)\n    at Promise._settlePromise0 (http://localhost:43941/__cypress/runner/cypress_runner.js:165453:10)\n    at Promise._settlePromises (http://localhost:43941/__cypress/runner/cypress_runner.js:165528:18)\n    at Async../node_modules/bluebird/js/release/async.js.Async._drainQueue (http://localhost:43941/__cypress/runner/cypress_runner.js:162140:16)\n    at Async../node_modules/bluebird/js/release/async.js.Async._drainQueues (http://localhost:43941/__cypress/runner/cypress_runner.js:162150:10)\n    at Async.drainQueues (http://localhost:43941/__cypress/runner/cypress_runner.js:162024:14)",
                "diff": null
              },
              "uuid": "89baaf37-56b3-4a90-a5a4-937c446f069d",
              "parentUUID": "faeec850-f568-4337-930b-39f60e0cb123",
              "isHook": false,
              "skipped": false
            },
            {
              "title": "Verifica se o quadro de pixels aparece abaixo da paleta de cores",
              "fullTitle": "4 - Adicione à página um quadro de pixels, com 25 pixels. Verifica se o quadro de pixels aparece abaixo da paleta de cores",
              "timedOut": null,
              "duration": 4995,
              "state": "failed",
              "speed": null,
              "pass": false,
              "fail": true,
              "pending": false,
              "context": null,
              "code": "cy.get('#color-palette').then(function (palette) {\n  cy.get('#pixel-board').should('be.belowOf', palette);\n});",
              "err": {
                "message": "CypressError: Timed out retrying: Expected to find element: '#pixel-board', but never found it.",
                "estack": "CypressError: Timed out retrying: Expected to find element: '#pixel-board', but never found it.\n    at cypressErr (http://localhost:43941/__cypress/runner/cypress_runner.js:149934:9)\n    at throwErr (http://localhost:43941/__cypress/runner/cypress_runner.js:149867:11)\n    at Object.throwErrByPath (http://localhost:43941/__cypress/runner/cypress_runner.js:149915:3)\n    at retry (http://localhost:43941/__cypress/runner/cypress_runner.js:144197:19)\n    at onFailFn (http://localhost:43941/__cypress/runner/cypress_runner.js:132448:16)\n    at tryCatcher (http://localhost:43941/__cypress/runner/cypress_runner.js:167415:23)\n    at Promise._settlePromiseFromHandler (http://localhost:43941/__cypress/runner/cypress_runner.js:165351:31)\n    at Promise._settlePromise (http://localhost:43941/__cypress/runner/cypress_runner.js:165408:18)\n    at Promise._settlePromise0 (http://localhost:43941/__cypress/runner/cypress_runner.js:165453:10)\n    at Promise._settlePromises (http://localhost:43941/__cypress/runner/cypress_runner.js:165528:18)\n    at Async../node_modules/bluebird/js/release/async.js.Async._drainQueue (http://localhost:43941/__cypress/runner/cypress_runner.js:162140:16)\n    at Async../node_modules/bluebird/js/release/async.js.Async._drainQueues (http://localhost:43941/__cypress/runner/cypress_runner.js:162150:10)\n    at Async.drainQueues (http://localhost:43941/__cypress/runner/cypress_runner.js:162024:14)",
                "diff": null
              },
              "uuid": "da2ed4d1-1021-4501-aede-c8504328d4e7",
              "parentUUID": "faeec850-f568-4337-930b-39f60e0cb123",
              "isHook": false,
              "skipped": false
            }
          ],
          "suites": [],
          "passes": [],
          "failures": [
            "569d00ff-bd00-4909-9301-6af4de946689",
            "232a5598-ecb6-4832-ba1c-d93a4e0aff70",
            "89baaf37-56b3-4a90-a5a4-937c446f069d",
            "da2ed4d1-1021-4501-aede-c8504328d4e7"
          ],
          "pending": [],
          "skipped": [],
          "duration": 19828,
          "root": false,
          "rootEmpty": false,
          "_timeout": 2000
        },
        {
          "uuid": "72aadfc7-3608-4841-8909-311a00e5a717",
          "title": "5 - Faça com que cada elemento do quadro de pixels possua 40 pixels de largura, 40 pixels de altura e seja delimitado por uma borda preta de 1 pixel.",
          "fullFile": "",
          "file": "",
          "beforeHooks": [],
          "afterHooks": [],
          "tests": [
            {
              "title": "Verifica se o quadro de pixels tem altura e comprimento de 5 elementos",
              "fullTitle": "5 - Faça com que cada elemento do quadro de pixels possua 40 pixels de largura, 40 pixels de altura e seja delimitado por uma borda preta de 1 pixel. Verifica se o quadro de pixels tem altura e comprimento de 5 elementos",
              "timedOut": null,
              "duration": 5010,
              "state": "failed",
              "speed": null,
              "pass": false,
              "fail": true,
              "pending": false,
              "context": null,
              "code": "cy.get('.pixel').should('have.length', 25).each(function (pixel) {\n  expect(pixel).to.have.css('background-color', WHITE);\n}).and(function (pixels) {\n  var rows = chunk(pixels, 5);\n  rows.forEach(function (row) {\n    for (var index = 1; index < row.length; index += 1) {\n      var current = pixels[index];\n      var previous = pixels[index - 1];\n      cy.wrap(current).should('be.onTheRightOf', previous).and('be.horizontallyAlignedWith', previous);\n    }\n  });\n  for (var index = 1; index < 5; index += 1) {\n    expect(pixels[index * 5]).to.be.belowOf(pixels[(index - 1) * 5]);\n  }\n});",
              "err": {
                "message": "CypressError: Timed out retrying: Expected to find element: '.pixel', but never found it.",
                "estack": "CypressError: Timed out retrying: Expected to find element: '.pixel', but never found it.\n    at cypressErr (http://localhost:43941/__cypress/runner/cypress_runner.js:149934:9)\n    at throwErr (http://localhost:43941/__cypress/runner/cypress_runner.js:149867:11)\n    at Object.throwErrByPath (http://localhost:43941/__cypress/runner/cypress_runner.js:149915:3)\n    at retry (http://localhost:43941/__cypress/runner/cypress_runner.js:144197:19)\n    at onFailFn (http://localhost:43941/__cypress/runner/cypress_runner.js:132448:16)\n    at tryCatcher (http://localhost:43941/__cypress/runner/cypress_runner.js:167415:23)\n    at Promise._settlePromiseFromHandler (http://localhost:43941/__cypress/runner/cypress_runner.js:165351:31)\n    at Promise._settlePromise (http://localhost:43941/__cypress/runner/cypress_runner.js:165408:18)\n    at Promise._settlePromise0 (http://localhost:43941/__cypress/runner/cypress_runner.js:165453:10)\n    at Promise._settlePromises (http://localhost:43941/__cypress/runner/cypress_runner.js:165528:18)\n    at Async../node_modules/bluebird/js/release/async.js.Async._drainQueue (http://localhost:43941/__cypress/runner/cypress_runner.js:162140:16)\n    at Async../node_modules/bluebird/js/release/async.js.Async._drainQueues (http://localhost:43941/__cypress/runner/cypress_runner.js:162150:10)\n    at Async.drainQueues (http://localhost:43941/__cypress/runner/cypress_runner.js:162024:14)",
                "diff": null
              },
              "uuid": "1d9ffe61-1951-4d69-beab-4583cc610658",
              "parentUUID": "72aadfc7-3608-4841-8909-311a00e5a717",
              "isHook": false,
              "skipped": false
            },
            {
              "title": "Verifica se 40 pixels é o tamanho total do elemento, incluindo seu conteúdo e excluindo a borda preta, que deve ser criada à parte.",
              "fullTitle": "5 - Faça com que cada elemento do quadro de pixels possua 40 pixels de largura, 40 pixels de altura e seja delimitado por uma borda preta de 1 pixel. Verifica se 40 pixels é o tamanho total do elemento, incluindo seu conteúdo e excluindo a borda preta, que deve ser criada à parte.",
              "timedOut": null,
              "duration": 4957,
              "state": "failed",
              "speed": null,
              "pass": false,
              "fail": true,
              "pending": false,
              "context": null,
              "code": "cy.get('.pixel').each(function (pixel) {\n  cy.wrap(pixel).should('have.css', 'height', '40px').and('have.css', 'width', '40px').and('have.css', 'border', \"1px solid \".concat(BLACK));\n});",
              "err": {
                "message": "CypressError: Timed out retrying: Expected to find element: '.pixel', but never found it.",
                "estack": "CypressError: Timed out retrying: Expected to find element: '.pixel', but never found it.\n    at cypressErr (http://localhost:43941/__cypress/runner/cypress_runner.js:149934:9)\n    at throwErr (http://localhost:43941/__cypress/runner/cypress_runner.js:149867:11)\n    at Object.throwErrByPath (http://localhost:43941/__cypress/runner/cypress_runner.js:149915:3)\n    at retry (http://localhost:43941/__cypress/runner/cypress_runner.js:144197:19)\n    at onFailFn (http://localhost:43941/__cypress/runner/cypress_runner.js:132448:16)\n    at tryCatcher (http://localhost:43941/__cypress/runner/cypress_runner.js:167415:23)\n    at Promise._settlePromiseFromHandler (http://localhost:43941/__cypress/runner/cypress_runner.js:165351:31)\n    at Promise._settlePromise (http://localhost:43941/__cypress/runner/cypress_runner.js:165408:18)\n    at Promise._settlePromise0 (http://localhost:43941/__cypress/runner/cypress_runner.js:165453:10)\n    at Promise._settlePromises (http://localhost:43941/__cypress/runner/cypress_runner.js:165528:18)\n    at Async../node_modules/bluebird/js/release/async.js.Async._drainQueue (http://localhost:43941/__cypress/runner/cypress_runner.js:162140:16)\n    at Async../node_modules/bluebird/js/release/async.js.Async._drainQueues (http://localhost:43941/__cypress/runner/cypress_runner.js:162150:10)\n    at Async.drainQueues (http://localhost:43941/__cypress/runner/cypress_runner.js:162024:14)",
                "diff": null
              },
              "uuid": "1f89e2b4-6e33-494c-a119-8ad38e84af15",
              "parentUUID": "72aadfc7-3608-4841-8909-311a00e5a717",
              "isHook": false,
              "skipped": false
            }
          ],
          "suites": [],
          "passes": [],
          "failures": [
            "1d9ffe61-1951-4d69-beab-4583cc610658",
            "1f89e2b4-6e33-494c-a119-8ad38e84af15"
          ],
          "pending": [],
          "skipped": [],
          "duration": 9967,
          "root": false,
          "rootEmpty": false,
          "_timeout": 2000
        },
        {
          "uuid": "3b16dda4-cece-44e3-a7a4-9413e18c7eb1",
          "title": "6 - Defina a cor preta como cor inicial. Ao carregar a página a cor preta já deve estar selecionada para pintar os pixels",
          "fullFile": "",
          "file": "",
          "beforeHooks": [],
          "afterHooks": [],
          "tests": [
            {
              "title": "Verifica se o elemento da cor preta possui, inicialmente, a `classe` `selected`",
              "fullTitle": "6 - Defina a cor preta como cor inicial. Ao carregar a página a cor preta já deve estar selecionada para pintar os pixels Verifica se o elemento da cor preta possui, inicialmente, a `classe` `selected`",
              "timedOut": null,
              "duration": 5001,
              "state": "failed",
              "speed": null,
              "pass": false,
              "fail": true,
              "pending": false,
              "context": null,
              "code": "cy.get('.selected').first().should('have.css', 'background-color', BLACK);",
              "err": {
                "message": "CypressError: Timed out retrying: Expected to find element: '.selected', but never found it.",
                "estack": "CypressError: Timed out retrying: Expected to find element: '.selected', but never found it.\n    at cypressErr (http://localhost:43941/__cypress/runner/cypress_runner.js:149934:9)\n    at throwErr (http://localhost:43941/__cypress/runner/cypress_runner.js:149867:11)\n    at Object.throwErrByPath (http://localhost:43941/__cypress/runner/cypress_runner.js:149915:3)\n    at retry (http://localhost:43941/__cypress/runner/cypress_runner.js:144197:19)\n    at onFailFn (http://localhost:43941/__cypress/runner/cypress_runner.js:132448:16)\n    at tryCatcher (http://localhost:43941/__cypress/runner/cypress_runner.js:167415:23)\n    at Promise._settlePromiseFromHandler (http://localhost:43941/__cypress/runner/cypress_runner.js:165351:31)\n    at Promise._settlePromise (http://localhost:43941/__cypress/runner/cypress_runner.js:165408:18)\n    at Promise._settlePromise0 (http://localhost:43941/__cypress/runner/cypress_runner.js:165453:10)\n    at Promise._settlePromises (http://localhost:43941/__cypress/runner/cypress_runner.js:165528:18)\n    at Async../node_modules/bluebird/js/release/async.js.Async._drainQueue (http://localhost:43941/__cypress/runner/cypress_runner.js:162140:16)\n    at Async../node_modules/bluebird/js/release/async.js.Async._drainQueues (http://localhost:43941/__cypress/runner/cypress_runner.js:162150:10)\n    at Async.drainQueues (http://localhost:43941/__cypress/runner/cypress_runner.js:162024:14)",
                "diff": null
              },
              "uuid": "27fcc21c-d658-4484-b6b2-5fcf91a7d330",
              "parentUUID": "3b16dda4-cece-44e3-a7a4-9413e18c7eb1",
              "isHook": false,
              "skipped": false
            },
            {
              "title": "Verifica se nenhuma outra cor da paleta tem a `classe` `selected`",
              "fullTitle": "6 - Defina a cor preta como cor inicial. Ao carregar a página a cor preta já deve estar selecionada para pintar os pixels Verifica se nenhuma outra cor da paleta tem a `classe` `selected`",
              "timedOut": null,
              "duration": 474,
              "state": "passed",
              "speed": "slow",
              "pass": true,
              "fail": false,
              "pending": false,
              "context": null,
              "code": "cy.get('.color:not(:first-child)').each(function (color) {\n  cy.wrap(color).should('not.have.class', 'selected');\n});",
              "err": {},
              "uuid": "83d00cdb-2fc3-467c-9e09-d34dddb87b19",
              "parentUUID": "3b16dda4-cece-44e3-a7a4-9413e18c7eb1",
              "isHook": false,
              "skipped": false
            }
          ],
          "suites": [],
          "passes": [
            "83d00cdb-2fc3-467c-9e09-d34dddb87b19"
          ],
          "failures": [
            "27fcc21c-d658-4484-b6b2-5fcf91a7d330"
          ],
          "pending": [],
          "skipped": [],
          "duration": 5475,
          "root": false,
          "rootEmpty": false,
          "_timeout": 2000
        },
        {
          "uuid": "55d02b25-3508-44f0-99ab-62a9e7b76462",
          "title": "7 - Clicar em uma das cores da paleta, faz com que ela seja selecionada e utilizada para preencher os pixels no quadro.",
          "fullFile": "",
          "file": "",
          "beforeHooks": [],
          "afterHooks": [],
          "tests": [
            {
              "title": "Verifica se somente uma cor da paleta de cores tem a classe `selected` de cada vez",
              "fullTitle": "7 - Clicar em uma das cores da paleta, faz com que ela seja selecionada e utilizada para preencher os pixels no quadro. Verifica se somente uma cor da paleta de cores tem a classe `selected` de cada vez",
              "timedOut": null,
              "duration": 798,
              "state": "failed",
              "speed": null,
              "pass": false,
              "fail": true,
              "pending": false,
              "context": null,
              "code": "cy.get('.color').each(function (selectedColor, selectedColorIndex) {\n  cy.wrap(selectedColor).click();\n  cy.get('.color').each(function (color, colorIndex) {\n    if (colorIndex === selectedColorIndex) {\n      expect(color).to.have[\"class\"]('selected');\n    } else {\n      expect(color).not.to.have[\"class\"]('selected');\n    }\n  });\n});",
              "err": {
                "message": "AssertionError: expected '<div#verde.color>' to have class 'selected'",
                "estack": "AssertionError: expected '<div#verde.color>' to have class 'selected'\n    at callback (http://localhost:43941/__cypress/runner/cypress_runner.js:136947:20)\n    at getRet (http://localhost:43941/__cypress/runner/cypress_runner.js:136585:16)\n    at tryCatcher (http://localhost:43941/__cypress/runner/cypress_runner.js:167415:23)\n    at Function.Promise.attempt.Promise.try (http://localhost:43941/__cypress/runner/cypress_runner.js:164690:29)\n    at thenFn (http://localhost:43941/__cypress/runner/cypress_runner.js:136599:23)\n    at yieldItem (http://localhost:43941/__cypress/runner/cypress_runner.js:136954:16)\n    at tryCatcher (http://localhost:43941/__cypress/runner/cypress_runner.js:167415:23)\n    at Object.gotValue (http://localhost:43941/__cypress/runner/cypress_runner.js:166557:18)\n    at Object.gotAccum (http://localhost:43941/__cypress/runner/cypress_runner.js:166546:25)\n    at Object.tryCatcher (http://localhost:43941/__cypress/runner/cypress_runner.js:167415:23)\n    at Promise._settlePromiseFromHandler (http://localhost:43941/__cypress/runner/cypress_runner.js:165351:31)\n    at Promise._settlePromise (http://localhost:43941/__cypress/runner/cypress_runner.js:165408:18)\n    at Promise._settlePromiseCtx (http://localhost:43941/__cypress/runner/cypress_runner.js:165445:10)\n    at Async../node_modules/bluebird/js/release/async.js.Async._drainQueue (http://localhost:43941/__cypress/runner/cypress_runner.js:162145:12)\n    at Async../node_modules/bluebird/js/release/async.js.Async._drainQueues (http://localhost:43941/__cypress/runner/cypress_runner.js:162150:10)\n    at Async.drainQueues (http://localhost:43941/__cypress/runner/cypress_runner.js:162024:14)",
                "diff": "- { '0': <div class=\"color\" id=\"verde\"></div>,\n-   length: 1,\n-   jquery: '3.1.1',\n-   constructor: \n-    { [Function: jQuery]\n-      fn: \n-       { jquery: '3.1.1',\n-         constructor: [Circular],\n-         length: 0,\n-         toArray: [Function: toArray],\n-         get: [Function: get],\n-         pushStack: [Function: pushStack],\n-         each: [Function: each],\n-         map: [Function: map],\n-         slice: [Function: slice],\n-         first: [Function: first],\n-         last: [Function: last],\n-         eq: [Function: eq],\n-         end: [Function: end],\n-         push: [Function: push],\n-         sort: [Function: sort],\n-         splice: [Function: splice],\n-         extend: [Function],\n-         find: [Function: find],\n-         filter: [Function: filter],\n-         not: [Function: not],\n-         is: [Function: is],\n-         init: [Function],\n-         has: [Function: has],\n-         closest: [Function: closest],\n-         index: [Function: index],\n-         add: [Function: add],\n-         addBack: [Function: addBack],\n-         parent: [Function],\n-         parents: [Function],\n-         parentsUntil: [Function],\n-         next: [Function],\n-         prev: [Function],\n-         nextAll: [Function],\n-         prevAll: [Function],\n-         nextUntil: [Function],\n-         prevUntil: [Function],\n-         siblings: [Function],\n-         children: [Function],\n-         contents: [Function],\n-         ready: [Function],\n-         data: [Function: data],\n-         removeData: [Function: removeData],\n-         queue: [Function: queue],\n-         dequeue: [Function: dequeue],\n-         clearQueue: [Function: clearQueue],\n-         promise: [Function: promise],\n-         show: [Function],\n-         hide: [Function],\n-         toggle: [Function],\n-         on: [Function: on],\n-         one: [Function: one],\n-         off: [Function: off],\n-         detach: [Function: detach],\n-         remove: [Function: remove],\n-         text: [Function: text],\n-         append: [Function: append],\n-         prepend: [Function: prepend],\n-         before: [Function: before],\n-         after: [Function: after],\n-         empty: [Function: empty],\n-         clone: [Function: clone],\n-         html: [Function: html],\n-         replaceWith: [Function: replaceWith],\n-         appendTo: [Function],\n-         prependTo: [Function],\n-         insertBefore: [Function],\n-         insertAfter: [Function],\n-         replaceAll: [Function],\n-         css: [Function: css],\n-         fadeTo: [Function: fadeTo],\n-         animate: [Function: animate],\n-         stop: [Function: stop],\n-         finish: [Function: finish],\n-         slideDown: [Function],\n-         slideUp: [Function],\n-         slideToggle: [Function],\n-         fadeIn: [Function],\n-         fadeOut: [Function],\n-         fadeToggle: [Function],\n-         delay: [Function],\n-         attr: [Function: attr],\n-         removeAttr: [Function: removeAttr],\n-         prop: [Function: prop],\n-         removeProp: [Function: removeProp],\n-         addClass: [Function: addClass],\n-         removeClass: [Function: removeClass],\n-         toggleClass: [Function: toggleClass],\n-         hasClass: [Function: hasClass],\n-         val: [Function: val],\n-         trigger: [Function: trigger],\n-         triggerHandler: [Function: triggerHandler],\n-         blur: [Function],\n-         focus: [Function],\n-         focusin: [Function],\n-         focusout: [Function],\n-         resize: [Function],\n-         scroll: [Function],\n-         click: [Function],\n-         dblclick: [Function],\n-         mousedown: [Function],\n-         mouseup: [Function],\n-         mousemove: [Function],\n-         mouseover: [Function],\n-         mouseout: [Function],\n-         mouseenter: [Function],\n-         mouseleave: [Function],\n-         change: [Function],\n-         select: [Function],\n-         submit: [Function],\n-         keydown: [Function],\n-         keypress: [Function],\n-         keyup: [Function],\n-         contextmenu: [Function],\n-         hover: [Function: hover],\n-         serialize: [Function: serialize],\n-         serializeArray: [Function: serializeArray],\n-         wrapAll: [Function: wrapAll],\n-         wrapInner: [Function: wrapInner],\n-         wrap: [Function: wrap],\n-         unwrap: [Function: unwrap],\n-         load: [Function],\n-         ajaxStart: [Function],\n-         ajaxStop: [Function],\n-         ajaxComplete: [Function],\n-         ajaxError: [Function],\n-         ajaxSuccess: [Function],\n-         ajaxSend: [Function],\n-         offset: [Function: offset],\n-         position: [Function: position],\n-         offsetParent: [Function: offsetParent],\n-         scrollLeft: [Function],\n-         scrollTop: [Function],\n-         innerHeight: [Function],\n-         height: [Function],\n-         outerHeight: [Function],\n-         innerWidth: [Function],\n-         width: [Function],\n-         outerWidth: [Function],\n-         bind: [Function: bind],\n-         unbind: [Function: unbind],\n-         delegate: [Function: delegate],\n-         undelegate: [Function: undelegate],\n-         scrollTo: [Function] },\n-      extend: [Function],\n-      expando: 'jQuery3110688710878760121',\n-      isReady: true,\n-      error: [Function: error],\n-      noop: [Function: noop],\n-      isFunction: [Function: isFunction],\n-      isArray: [Function: isArray],\n-      isWindow: [Function: isWindow],\n-      isNumeric: [Function: isNumeric],\n-      isPlainObject: [Function: isPlainObject],\n-      isEmptyObject: [Function: isEmptyObject],\n-      type: [Function: type],\n-      globalEval: [Function: globalEval],\n-      camelCase: [Function: camelCase],\n-      nodeName: [Function: nodeName],\n-      each: [Function: each],\n-      trim: [Function: trim],\n-      makeArray: [Function: makeArray],\n-      inArray: [Function: inArray],\n-      merge: [Function: merge],\n-      grep: [Function: grep],\n-      map: [Function: map],\n-      guid: 7,\n-      proxy: [Function: proxy],\n-      now: [Function: now],\n-      support: \n-       { checkClone: true,\n-         noCloneChecked: true,\n-         clearCloneStyle: true,\n-         pixelPosition: [Function: pixelPosition],\n-         boxSizingReliable: [Function: boxSizingReliable],\n-         pixelMarginRight: [Function: pixelMarginRight],\n-         reliableMarginLeft: [Function: reliableMarginLeft],\n-         checkOn: true,\n-         optSelected: true,\n-         radioValue: true,\n-         focusin: false,\n-         cors: true,\n-         ajax: true,\n-         createHTMLDocument: true },\n-      find: \n-       { [Function: Sizzle]\n-         support: [Object],\n-         isXML: [Function],\n-         setDocument: [Function],\n-         matches: [Function],\n-         matchesSelector: [Function],\n-         contains: [Function],\n-         attr: [Function],\n-         escape: [Function],\n-         error: [Function],\n-         uniqueSort: [Function],\n-         getText: [Function],\n-         selectors: [Object],\n-         tokenize: [Function],\n-         compile: [Function],\n-         select: [Function] },\n-      expr: \n-       { cacheLength: 1,\n-         createPseudo: [Function: markFunction],\n-         match: [Object],\n-         attrHandle: [Object],\n-         find: [Object],\n-         relative: [Object],\n-         preFilter: [Object],\n-         filter: [Object],\n-         pseudos: [Object],\n-         filters: [Object],\n-         setFilters: [Object],\n-         ':': [Object] },\n-      unique: [Function],\n-      uniqueSort: [Function],\n-      text: [Function],\n-      isXMLDoc: [Function],\n-      contains: [Function],\n-      escapeSelector: [Function],\n-      filter: [Function],\n-      Callbacks: [Function],\n-      Deferred: { [Function: Deferred] exceptionHook: [Function] },\n-      when: [Function: when],\n-      readyException: [Function],\n-      readyWait: 0,\n-      holdReady: [Function: holdReady],\n-      ready: { [Function: ready] then: [Function: then] },\n-      hasData: [Function: hasData],\n-      data: [Function: data],\n-      removeData: [Function: removeData],\n-      _data: [Function: _data],\n-      _removeData: [Function: _removeData],\n-      queue: [Function: queue],\n-      dequeue: [Function: dequeue],\n-      _queueHooks: [Function: _queueHooks],\n-      event: \n-       { global: [Object],\n-         add: [Function: add],\n-         remove: [Function: remove],\n-         dispatch: [Function: dispatch],\n-         handlers: [Function: handlers],\n-         addProp: [Function: addProp],\n-         fix: [Function: fix],\n-         special: [Object],\n-         trigger: [Function: trigger],\n-         simulate: [Function: simulate] },\n-      removeEvent: [Function],\n-      Event: [Function],\n-      htmlPrefilter: [Function: htmlPrefilter],\n-      clone: [Function: clone],\n-      cleanData: [Function: cleanData],\n-      cssHooks: \n-       { opacity: [Object],\n-         height: [Object],\n-         width: [Object],\n-         marginLeft: [Object],\n-         margin: [Object],\n-         padding: [Object],\n-         borderWidth: [Object],\n-         top: [Object],\n-         left: [Object] },\n-      cssNumber: \n-       { animationIterationCount: true,\n-         columnCount: true,\n-         fillOpacity: true,\n-         flexGrow: true,\n-         flexShrink: true,\n-         fontWeight: true,\n-         lineHeight: true,\n-         opacity: true,\n-         order: true,\n-         orphans: true,\n-         widows: true,\n-         zIndex: true,\n-         zoom: true },\n-      cssProps: \n-       { float: 'cssFloat',\n-         width: 'width',\n-         display: 'display',\n-         boxSizing: 'boxSizing',\n-         height: 'height',\n-         overflow: 'overflow',\n-         overflowY: 'overflowY',\n-         overflowX: 'overflowX',\n-         visibility: 'visibility',\n-         position: 'position',\n-         backgroundColor: 'backgroundColor',\n-         border: 'border',\n-         paddingRight: 'paddingRight',\n-         borderRightWidth: 'borderRightWidth',\n-         paddingLeft: 'paddingLeft',\n-         borderLeftWidth: 'borderLeftWidth',\n-         paddingTop: 'paddingTop',\n-         borderTopWidth: 'borderTopWidth',\n-         paddingBottom: 'paddingBottom',\n-         borderBottomWidth: 'borderBottomWidth' },\n-      style: [Function: style],\n-      css: [Function: css],\n-      Tween: { [Function: Tween] propHooks: [Object] },\n-      easing: \n-       { linear: [Function: linear],\n-         swing: [Function: swing],\n-         _default: 'swing' },\n-      fx: \n-       { [Function: init]\n-         step: {},\n-         tick: [Function],\n-         timer: [Function],\n-         interval: 13,\n-         start: [Function],\n-         stop: [Function],\n-         speeds: [Object] },\n-      Animation: \n-       { [Function: Animation]\n-         tweeners: [Object],\n-         tweener: [Function: tweener],\n-         prefilters: [Object],\n-         prefilter: [Function: prefilter] },\n-      speed: [Function],\n-      timers: [],\n-      attr: [Function: attr],\n-      attrHooks: { type: [Object] },\n-      removeAttr: [Function: removeAttr],\n-      prop: [Function: prop],\n-      propHooks: { tabIndex: [Object] },\n-      propFix: \n-       { for: 'htmlFor',\n-         class: 'className',\n-         tabindex: 'tabIndex',\n-         readonly: 'readOnly',\n-         maxlength: 'maxLength',\n-         cellspacing: 'cellSpacing',\n-         cellpadding: 'cellPadding',\n-         rowspan: 'rowSpan',\n-         colspan: 'colSpan',\n-         usemap: 'useMap',\n-         frameborder: 'frameBorder',\n-         contenteditable: 'contentEditable' },\n-      valHooks: \n-       { option: [Object],\n-         select: [Object],\n-         radio: [Object],\n-         checkbox: [Object] },\n-      parseXML: [Function],\n-      param: [Function],\n-      active: 0,\n-      lastModified: {},\n-      etag: {},\n-      ajaxSettings: \n-       { url: 'http://localhost:43941/__/#/tests/integration/project.spec.js',\n-         type: 'GET',\n-         isLocal: false,\n-         global: true,\n-         processData: true,\n-         async: true,\n-         contentType: 'application/x-www-form-urlencoded; charset=UTF-8',\n-         accepts: [Object],\n-         contents: [Object],\n-         responseFields: [Object],\n-         converters: [Object],\n-         flatOptions: [Object],\n-         xhr: [Function],\n-         jsonp: 'callback',\n-         jsonpCallback: [Function: jsonpCallback],\n-         cache: false },\n-      ajaxSetup: [Function: ajaxSetup],\n-      ajaxPrefilter: [Function],\n-      ajaxTransport: [Function],\n-      ajax: [Function: ajax],\n-      getJSON: [Function: getJSON],\n-      getScript: [Function: getScript],\n-      get: [Function],\n-      post: [Function],\n-      _evalUrl: [Function],\n-      parseHTML: [Function],\n-      offset: { setOffset: [Function: setOffset] },\n-      parseJSON: [Function: parse],\n-      noConflict: [Function],\n-      scrollTo: { [Function] defaults: [Object], max: [Function] } },\n-   toArray: [Function: toArray],\n-   get: [Function: get],\n-   pushStack: [Function: pushStack],\n-   each: [Function: each],\n-   map: [Function: map],\n-   slice: [Function: slice],\n-   first: [Function: first],\n-   last: [Function: last],\n-   eq: [Function: eq],\n-   end: [Function: end],\n-   push: [Function: push],\n-   sort: [Function: sort],\n-   splice: [Function: splice],\n-   extend: [Function],\n-   find: [Function: find],\n-   filter: [Function: filter],\n-   not: [Function: not],\n-   is: [Function: is],\n-   init: [Function],\n-   has: [Function: has],\n-   closest: [Function: closest],\n-   index: [Function: index],\n-   add: [Function: add],\n-   addBack: [Function: addBack],\n-   parent: [Function],\n-   parents: [Function],\n-   parentsUntil: [Function],\n-   next: [Function],\n-   prev: [Function],\n-   nextAll: [Function],\n-   prevAll: [Function],\n-   nextUntil: [Function],\n-   prevUntil: [Function],\n-   siblings: [Function],\n-   children: [Function],\n-   contents: [Function],\n-   ready: [Function],\n-   data: [Function: data],\n-   removeData: [Function: removeData],\n-   queue: [Function: queue],\n-   dequeue: [Function: dequeue],\n-   clearQueue: [Function: clearQueue],\n-   promise: [Function: promise],\n-   show: [Function],\n-   hide: [Function],\n-   toggle: [Function],\n-   on: [Function: on],\n-   one: [Function: one],\n-   off: [Function: off],\n-   detach: [Function: detach],\n-   remove: [Function: remove],\n-   text: [Function: text],\n-   append: [Function: append],\n-   prepend: [Function: prepend],\n-   before: [Function: before],\n-   after: [Function: after],\n-   empty: [Function: empty],\n-   clone: [Function: clone],\n-   html: [Function: html],\n-   replaceWith: [Function: replaceWith],\n-   appendTo: [Function],\n-   prependTo: [Function],\n-   insertBefore: [Function],\n-   insertAfter: [Function],\n-   replaceAll: [Function],\n-   css: [Function: css],\n-   fadeTo: [Function: fadeTo],\n-   animate: [Function: animate],\n-   stop: [Function: stop],\n-   finish: [Function: finish],\n-   slideDown: [Function],\n-   slideUp: [Function],\n-   slideToggle: [Function],\n-   fadeIn: [Function],\n-   fadeOut: [Function],\n-   fadeToggle: [Function],\n-   delay: [Function],\n-   attr: [Function: attr],\n-   removeAttr: [Function: removeAttr],\n-   prop: [Function: prop],\n-   removeProp: [Function: removeProp],\n-   addClass: [Function: addClass],\n-   removeClass: [Function: removeClass],\n-   toggleClass: [Function: toggleClass],\n-   hasClass: [Function: hasClass],\n-   val: [Function: val],\n-   trigger: [Function: trigger],\n-   triggerHandler: [Function: triggerHandler],\n-   blur: [Function],\n-   focus: [Function],\n-   focusin: [Function],\n-   focusout: [Function],\n-   resize: [Function],\n-   scroll: [Function],\n-   click: [Function],\n-   dblclick: [Function],\n-   mousedown: [Function],\n-   mouseup: [Function],\n-   mousemove: [Function],\n-   mouseover: [Function],\n-   mouseout: [Function],\n-   mouseenter: [Function],\n-   mouseleave: [Function],\n-   change: [Function],\n-   select: [Function],\n-   submit: [Function],\n-   keydown: [Function],\n-   keypress: [Function],\n-   keyup: [Function],\n-   contextmenu: [Function],\n-   hover: [Function: hover],\n-   serialize: [Function: serialize],\n-   serializeArray: [Function: serializeArray],\n-   wrapAll: [Function: wrapAll],\n-   wrapInner: [Function: wrapInner],\n-   wrap: [Function: wrap],\n-   unwrap: [Function: unwrap],\n-   load: [Function],\n-   ajaxStart: [Function],\n-   ajaxStop: [Function],\n-   ajaxComplete: [Function],\n-   ajaxError: [Function],\n-   ajaxSuccess: [Function],\n-   ajaxSend: [Function],\n-   offset: [Function: offset],\n-   position: [Function: position],\n-   offsetParent: [Function: offsetParent],\n-   scrollLeft: [Function],\n-   scrollTop: [Function],\n-   innerHeight: [Function],\n-   height: [Function],\n-   outerHeight: [Function],\n-   innerWidth: [Function],\n-   width: [Function],\n-   outerWidth: [Function],\n-   bind: [Function: bind],\n-   unbind: [Function: unbind],\n-   delegate: [Function: delegate],\n-   undelegate: [Function: undelegate],\n-   scrollTo: [Function] }\n+ 'selected'\n"
              },
              "uuid": "2ddfdeea-f242-4e7b-9700-9ea0c5fa86aa",
              "parentUUID": "55d02b25-3508-44f0-99ab-62a9e7b76462",
              "isHook": false,
              "skipped": false
            },
            {
              "title": "Verifica se os pixels dentro do quadro não têm a classe `selected` quando são clicados",
              "fullTitle": "7 - Clicar em uma das cores da paleta, faz com que ela seja selecionada e utilizada para preencher os pixels no quadro. Verifica se os pixels dentro do quadro não têm a classe `selected` quando são clicados",
              "timedOut": null,
              "duration": 4936,
              "state": "failed",
              "speed": null,
              "pass": false,
              "fail": true,
              "pending": false,
              "context": null,
              "code": "cy.get('.color').each(function (color) {\n  var backgroundColor = color.css('background-color');\n  cy.wrap(color).click();\n  cy.get('.pixel').each(function (pixel) {\n    cy.wrap(pixel).click().should('not.have.class', 'selected');\n  });\n});",
              "err": {
                "message": "CypressError: Timed out retrying: Expected to find element: '.pixel', but never found it.",
                "estack": "CypressError: Timed out retrying: Expected to find element: '.pixel', but never found it.\n    at cypressErr (http://localhost:43941/__cypress/runner/cypress_runner.js:149934:9)\n    at throwErr (http://localhost:43941/__cypress/runner/cypress_runner.js:149867:11)\n    at Object.throwErrByPath (http://localhost:43941/__cypress/runner/cypress_runner.js:149915:3)\n    at retry (http://localhost:43941/__cypress/runner/cypress_runner.js:144197:19)\n    at onFailFn (http://localhost:43941/__cypress/runner/cypress_runner.js:132448:16)\n    at tryCatcher (http://localhost:43941/__cypress/runner/cypress_runner.js:167415:23)\n    at Promise._settlePromiseFromHandler (http://localhost:43941/__cypress/runner/cypress_runner.js:165351:31)\n    at Promise._settlePromise (http://localhost:43941/__cypress/runner/cypress_runner.js:165408:18)\n    at Promise._settlePromise0 (http://localhost:43941/__cypress/runner/cypress_runner.js:165453:10)\n    at Promise._settlePromises (http://localhost:43941/__cypress/runner/cypress_runner.js:165528:18)\n    at Async../node_modules/bluebird/js/release/async.js.Async._drainQueue (http://localhost:43941/__cypress/runner/cypress_runner.js:162140:16)\n    at Async../node_modules/bluebird/js/release/async.js.Async._drainQueues (http://localhost:43941/__cypress/runner/cypress_runner.js:162150:10)\n    at Async.drainQueues (http://localhost:43941/__cypress/runner/cypress_runner.js:162024:14)",
                "diff": null
              },
              "uuid": "793cbec7-9775-44db-8ebe-8978811ca40b",
              "parentUUID": "55d02b25-3508-44f0-99ab-62a9e7b76462",
              "isHook": false,
              "skipped": false
            }
          ],
          "suites": [],
          "passes": [],
          "failures": [
            "2ddfdeea-f242-4e7b-9700-9ea0c5fa86aa",
            "793cbec7-9775-44db-8ebe-8978811ca40b"
          ],
          "pending": [],
          "skipped": [],
          "duration": 5734,
          "root": false,
          "rootEmpty": false,
          "_timeout": 2000
        },
        {
          "uuid": "0e5d28b0-d1fe-4849-b6f0-8ea59b842d0c",
          "title": "8 - Clicar em um pixel dentro do quadro após selecionar uma cor na paleta, faz com que o pixel seja preenchido com a cor selecionada.",
          "fullFile": "",
          "file": "",
          "beforeHooks": [],
          "afterHooks": [],
          "tests": [
            {
              "title": "Verifica se ao carregar a página deve ser possível pintar os pixels de preto",
              "fullTitle": "8 - Clicar em um pixel dentro do quadro após selecionar uma cor na paleta, faz com que o pixel seja preenchido com a cor selecionada. Verifica se ao carregar a página deve ser possível pintar os pixels de preto",
              "timedOut": null,
              "duration": 4918,
              "state": "failed",
              "speed": null,
              "pass": false,
              "fail": true,
              "pending": false,
              "context": null,
              "code": "cy.get('.pixel').each(function (pixel) {\n  cy.wrap(pixel).click().should('have.css', 'background-color', BLACK);\n});",
              "err": {
                "message": "CypressError: Timed out retrying: Expected to find element: '.pixel', but never found it.",
                "estack": "CypressError: Timed out retrying: Expected to find element: '.pixel', but never found it.\n    at cypressErr (http://localhost:43941/__cypress/runner/cypress_runner.js:149934:9)\n    at throwErr (http://localhost:43941/__cypress/runner/cypress_runner.js:149867:11)\n    at Object.throwErrByPath (http://localhost:43941/__cypress/runner/cypress_runner.js:149915:3)\n    at retry (http://localhost:43941/__cypress/runner/cypress_runner.js:144197:19)\n    at onFailFn (http://localhost:43941/__cypress/runner/cypress_runner.js:132448:16)\n    at tryCatcher (http://localhost:43941/__cypress/runner/cypress_runner.js:167415:23)\n    at Promise._settlePromiseFromHandler (http://localhost:43941/__cypress/runner/cypress_runner.js:165351:31)\n    at Promise._settlePromise (http://localhost:43941/__cypress/runner/cypress_runner.js:165408:18)\n    at Promise._settlePromise0 (http://localhost:43941/__cypress/runner/cypress_runner.js:165453:10)\n    at Promise._settlePromises (http://localhost:43941/__cypress/runner/cypress_runner.js:165528:18)\n    at Async../node_modules/bluebird/js/release/async.js.Async._drainQueue (http://localhost:43941/__cypress/runner/cypress_runner.js:162140:16)\n    at Async../node_modules/bluebird/js/release/async.js.Async._drainQueues (http://localhost:43941/__cypress/runner/cypress_runner.js:162150:10)\n    at Async.drainQueues (http://localhost:43941/__cypress/runner/cypress_runner.js:162024:14)",
                "diff": null
              },
              "uuid": "95887d66-c4b9-42e9-a36e-0b5f496834e2",
              "parentUUID": "0e5d28b0-d1fe-4849-b6f0-8ea59b842d0c",
              "isHook": false,
              "skipped": false
            },
            {
              "title": "Verifica se após selecionar uma outra cor na paleta, é possível pintar os pixels com essa cor",
              "fullTitle": "8 - Clicar em um pixel dentro do quadro após selecionar uma cor na paleta, faz com que o pixel seja preenchido com a cor selecionada. Verifica se após selecionar uma outra cor na paleta, é possível pintar os pixels com essa cor",
              "timedOut": null,
              "duration": 4990,
              "state": "failed",
              "speed": null,
              "pass": false,
              "fail": true,
              "pending": false,
              "context": null,
              "code": "cy.get('.color').each(function (color) {\n  var backgroundColor = color.css('background-color');\n  cy.wrap(color).click();\n  cy.get('.pixel').each(function (pixel) {\n    cy.wrap(pixel).click().should('have.css', 'background-color', backgroundColor);\n  });\n});",
              "err": {
                "message": "CypressError: Timed out retrying: Expected to find element: '.pixel', but never found it.",
                "estack": "CypressError: Timed out retrying: Expected to find element: '.pixel', but never found it.\n    at cypressErr (http://localhost:43941/__cypress/runner/cypress_runner.js:149934:9)\n    at throwErr (http://localhost:43941/__cypress/runner/cypress_runner.js:149867:11)\n    at Object.throwErrByPath (http://localhost:43941/__cypress/runner/cypress_runner.js:149915:3)\n    at retry (http://localhost:43941/__cypress/runner/cypress_runner.js:144197:19)\n    at onFailFn (http://localhost:43941/__cypress/runner/cypress_runner.js:132448:16)\n    at tryCatcher (http://localhost:43941/__cypress/runner/cypress_runner.js:167415:23)\n    at Promise._settlePromiseFromHandler (http://localhost:43941/__cypress/runner/cypress_runner.js:165351:31)\n    at Promise._settlePromise (http://localhost:43941/__cypress/runner/cypress_runner.js:165408:18)\n    at Promise._settlePromise0 (http://localhost:43941/__cypress/runner/cypress_runner.js:165453:10)\n    at Promise._settlePromises (http://localhost:43941/__cypress/runner/cypress_runner.js:165528:18)\n    at Async../node_modules/bluebird/js/release/async.js.Async._drainQueue (http://localhost:43941/__cypress/runner/cypress_runner.js:162140:16)\n    at Async../node_modules/bluebird/js/release/async.js.Async._drainQueues (http://localhost:43941/__cypress/runner/cypress_runner.js:162150:10)\n    at Async.drainQueues (http://localhost:43941/__cypress/runner/cypress_runner.js:162024:14)",
                "diff": null
              },
              "uuid": "e50ac0bd-7c53-4baf-96ae-62687fa4d4f7",
              "parentUUID": "0e5d28b0-d1fe-4849-b6f0-8ea59b842d0c",
              "isHook": false,
              "skipped": false
            },
            {
              "title": "Verifica se somente o pixel que foi clicado foi preenchido com a cor selecionada, sem influenciar na cor dos demais pixels.",
              "fullTitle": "8 - Clicar em um pixel dentro do quadro após selecionar uma cor na paleta, faz com que o pixel seja preenchido com a cor selecionada. Verifica se somente o pixel que foi clicado foi preenchido com a cor selecionada, sem influenciar na cor dos demais pixels.",
              "timedOut": null,
              "duration": 5237,
              "state": "failed",
              "speed": null,
              "pass": false,
              "fail": true,
              "pending": false,
              "context": null,
              "code": "var colorToPixelIndexMap = {\n  0: 6,\n  1: 8,\n  2: 16,\n  3: 18\n};\ncy.get('.color').each(function (color, index) {\n  cy.wrap(color).click();\n  var backgroundColor = color.css('background-color');\n  var clickedPixelIndex = colorToPixelIndexMap[index];\n  cy.get('.pixel').eq(clickedPixelIndex).click();\n  cy.get('.pixel').eq(clickedPixelIndex - 1).should('not.have.css', 'background-color', backgroundColor);\n  cy.get('.pixel').eq(clickedPixelIndex + 1).should('not.have.css', 'background-color', backgroundColor);\n  cy.get('.pixel').eq(clickedPixelIndex - 5).should('not.have.css', 'background-color', backgroundColor);\n  cy.get('.pixel').eq(clickedPixelIndex + 5).should('not.have.css', 'background-color', backgroundColor);\n  cy.get('.pixel').eq(clickedPixelIndex - 6).should('not.have.css', 'background-color', backgroundColor);\n  cy.get('.pixel').eq(clickedPixelIndex - 4).should('not.have.css', 'background-color', backgroundColor);\n  cy.get('.pixel').eq(clickedPixelIndex + 4).should('not.have.css', 'background-color', backgroundColor);\n  cy.get('.pixel').eq(clickedPixelIndex + 6).should('not.have.css', 'background-color', backgroundColor);\n});",
              "err": {
                "message": "CypressError: Timed out retrying: Expected to find element: '.pixel', but never found it.",
                "estack": "CypressError: Timed out retrying: Expected to find element: '.pixel', but never found it.\n    at cypressErr (http://localhost:43941/__cypress/runner/cypress_runner.js:149934:9)\n    at throwErr (http://localhost:43941/__cypress/runner/cypress_runner.js:149867:11)\n    at Object.throwErrByPath (http://localhost:43941/__cypress/runner/cypress_runner.js:149915:3)\n    at retry (http://localhost:43941/__cypress/runner/cypress_runner.js:144197:19)\n    at onFailFn (http://localhost:43941/__cypress/runner/cypress_runner.js:132448:16)\n    at tryCatcher (http://localhost:43941/__cypress/runner/cypress_runner.js:167415:23)\n    at Promise._settlePromiseFromHandler (http://localhost:43941/__cypress/runner/cypress_runner.js:165351:31)\n    at Promise._settlePromise (http://localhost:43941/__cypress/runner/cypress_runner.js:165408:18)\n    at Promise._settlePromise0 (http://localhost:43941/__cypress/runner/cypress_runner.js:165453:10)\n    at Promise._settlePromises (http://localhost:43941/__cypress/runner/cypress_runner.js:165528:18)\n    at Async../node_modules/bluebird/js/release/async.js.Async._drainQueue (http://localhost:43941/__cypress/runner/cypress_runner.js:162140:16)\n    at Async../node_modules/bluebird/js/release/async.js.Async._drainQueues (http://localhost:43941/__cypress/runner/cypress_runner.js:162150:10)\n    at Async.drainQueues (http://localhost:43941/__cypress/runner/cypress_runner.js:162024:14)",
                "diff": null
              },
              "uuid": "9dd749e9-2450-46a9-bd35-004f8f3a3ff9",
              "parentUUID": "0e5d28b0-d1fe-4849-b6f0-8ea59b842d0c",
              "isHook": false,
              "skipped": false
            }
          ],
          "suites": [],
          "passes": [],
          "failures": [
            "95887d66-c4b9-42e9-a36e-0b5f496834e2",
            "e50ac0bd-7c53-4baf-96ae-62687fa4d4f7",
            "9dd749e9-2450-46a9-bd35-004f8f3a3ff9"
          ],
          "pending": [],
          "skipped": [],
          "duration": 15145,
          "root": false,
          "rootEmpty": false,
          "_timeout": 2000
        },
        {
          "uuid": "19783f10-1ba2-49f9-a5f5-005fe38919f7",
          "title": "9 - Crie um botão que, ao ser clicado, limpa o quadro preenchendo a cor de todos seus pixels com branco.",
          "fullFile": "",
          "file": "",
          "beforeHooks": [],
          "afterHooks": [],
          "tests": [
            {
              "title": "Verifica se o botão tem o `id` denominado `clear-board`",
              "fullTitle": "9 - Crie um botão que, ao ser clicado, limpa o quadro preenchendo a cor de todos seus pixels com branco. Verifica se o botão tem o `id` denominado `clear-board`",
              "timedOut": null,
              "duration": 5062,
              "state": "failed",
              "speed": null,
              "pass": false,
              "fail": true,
              "pending": false,
              "context": null,
              "code": "cy.get('#clear-board').should('be.visible');",
              "err": {
                "message": "CypressError: Timed out retrying: Expected to find element: '#clear-board', but never found it.",
                "estack": "CypressError: Timed out retrying: Expected to find element: '#clear-board', but never found it.\n    at cypressErr (http://localhost:43941/__cypress/runner/cypress_runner.js:149934:9)\n    at throwErr (http://localhost:43941/__cypress/runner/cypress_runner.js:149867:11)\n    at Object.throwErrByPath (http://localhost:43941/__cypress/runner/cypress_runner.js:149915:3)\n    at retry (http://localhost:43941/__cypress/runner/cypress_runner.js:144197:19)\n    at onFailFn (http://localhost:43941/__cypress/runner/cypress_runner.js:132448:16)\n    at tryCatcher (http://localhost:43941/__cypress/runner/cypress_runner.js:167415:23)\n    at Promise._settlePromiseFromHandler (http://localhost:43941/__cypress/runner/cypress_runner.js:165351:31)\n    at Promise._settlePromise (http://localhost:43941/__cypress/runner/cypress_runner.js:165408:18)\n    at Promise._settlePromise0 (http://localhost:43941/__cypress/runner/cypress_runner.js:165453:10)\n    at Promise._settlePromises (http://localhost:43941/__cypress/runner/cypress_runner.js:165528:18)\n    at Async../node_modules/bluebird/js/release/async.js.Async._drainQueue (http://localhost:43941/__cypress/runner/cypress_runner.js:162140:16)\n    at Async../node_modules/bluebird/js/release/async.js.Async._drainQueues (http://localhost:43941/__cypress/runner/cypress_runner.js:162150:10)\n    at Async.drainQueues (http://localhost:43941/__cypress/runner/cypress_runner.js:162024:14)",
                "diff": null
              },
              "uuid": "d8b2561f-442e-408f-8f3c-4d33fecff989",
              "parentUUID": "19783f10-1ba2-49f9-a5f5-005fe38919f7",
              "isHook": false,
              "skipped": false
            },
            {
              "title": "Verifica se o botão está posicionado entre a paleta de cores e o quadro de pixels",
              "fullTitle": "9 - Crie um botão que, ao ser clicado, limpa o quadro preenchendo a cor de todos seus pixels com branco. Verifica se o botão está posicionado entre a paleta de cores e o quadro de pixels",
              "timedOut": null,
              "duration": 5221,
              "state": "failed",
              "speed": null,
              "pass": false,
              "fail": true,
              "pending": false,
              "context": null,
              "code": "cy.get('#color-palette').then(function (palette) {\n  cy.get('#clear-board').should('be.belowOf', palette);\n});\ncy.get('#clear-board').then(function (clearBtn) {\n  cy.get('#pixel-board').should('be.belowOf', clearBtn);\n});",
              "err": {
                "message": "CypressError: Timed out retrying: Expected to find element: '#clear-board', but never found it.",
                "estack": "CypressError: Timed out retrying: Expected to find element: '#clear-board', but never found it.\n    at cypressErr (http://localhost:43941/__cypress/runner/cypress_runner.js:149934:9)\n    at throwErr (http://localhost:43941/__cypress/runner/cypress_runner.js:149867:11)\n    at Object.throwErrByPath (http://localhost:43941/__cypress/runner/cypress_runner.js:149915:3)\n    at retry (http://localhost:43941/__cypress/runner/cypress_runner.js:144197:19)\n    at onFailFn (http://localhost:43941/__cypress/runner/cypress_runner.js:132448:16)\n    at tryCatcher (http://localhost:43941/__cypress/runner/cypress_runner.js:167415:23)\n    at Promise._settlePromiseFromHandler (http://localhost:43941/__cypress/runner/cypress_runner.js:165351:31)\n    at Promise._settlePromise (http://localhost:43941/__cypress/runner/cypress_runner.js:165408:18)\n    at Promise._settlePromise0 (http://localhost:43941/__cypress/runner/cypress_runner.js:165453:10)\n    at Promise._settlePromises (http://localhost:43941/__cypress/runner/cypress_runner.js:165528:18)\n    at Async../node_modules/bluebird/js/release/async.js.Async._drainQueue (http://localhost:43941/__cypress/runner/cypress_runner.js:162140:16)\n    at Async../node_modules/bluebird/js/release/async.js.Async._drainQueues (http://localhost:43941/__cypress/runner/cypress_runner.js:162150:10)\n    at Async.drainQueues (http://localhost:43941/__cypress/runner/cypress_runner.js:162024:14)",
                "diff": null
              },
              "uuid": "6b0c1cfd-8ae1-485a-ae11-f95a9b99c301",
              "parentUUID": "19783f10-1ba2-49f9-a5f5-005fe38919f7",
              "isHook": false,
              "skipped": false
            },
            {
              "title": "Verifica se o texto do botão é 'Limpar'",
              "fullTitle": "9 - Crie um botão que, ao ser clicado, limpa o quadro preenchendo a cor de todos seus pixels com branco. Verifica se o texto do botão é 'Limpar'",
              "timedOut": null,
              "duration": 4984,
              "state": "failed",
              "speed": null,
              "pass": false,
              "fail": true,
              "pending": false,
              "context": null,
              "code": "cy.get('#clear-board').should('contain.text', 'Limpar');",
              "err": {
                "message": "CypressError: Timed out retrying: Expected to find element: '#clear-board', but never found it.",
                "estack": "CypressError: Timed out retrying: Expected to find element: '#clear-board', but never found it.\n    at cypressErr (http://localhost:43941/__cypress/runner/cypress_runner.js:149934:9)\n    at throwErr (http://localhost:43941/__cypress/runner/cypress_runner.js:149867:11)\n    at Object.throwErrByPath (http://localhost:43941/__cypress/runner/cypress_runner.js:149915:3)\n    at retry (http://localhost:43941/__cypress/runner/cypress_runner.js:144197:19)\n    at onFailFn (http://localhost:43941/__cypress/runner/cypress_runner.js:132448:16)\n    at tryCatcher (http://localhost:43941/__cypress/runner/cypress_runner.js:167415:23)\n    at Promise._settlePromiseFromHandler (http://localhost:43941/__cypress/runner/cypress_runner.js:165351:31)\n    at Promise._settlePromise (http://localhost:43941/__cypress/runner/cypress_runner.js:165408:18)\n    at Promise._settlePromise0 (http://localhost:43941/__cypress/runner/cypress_runner.js:165453:10)\n    at Promise._settlePromises (http://localhost:43941/__cypress/runner/cypress_runner.js:165528:18)\n    at Async../node_modules/bluebird/js/release/async.js.Async._drainQueue (http://localhost:43941/__cypress/runner/cypress_runner.js:162140:16)\n    at Async../node_modules/bluebird/js/release/async.js.Async._drainQueues (http://localhost:43941/__cypress/runner/cypress_runner.js:162150:10)\n    at Async.drainQueues (http://localhost:43941/__cypress/runner/cypress_runner.js:162024:14)",
[...]
                "diff": null
              },
              "uuid": "01ed43f8-83fb-4721-bfd8-b16bd5a9daac",
              "parentUUID": "548f38c2-9d40-42f2-b383-3a29096fc060",
              "isHook": false,
              "skipped": false
            },
            {
              "title": "Verifica se o novo quadro tem todos os pixels preenchidos com a cor branca",
              "fullTitle": "10 - Faça o quadro de pixels ter seu tamanho definido pelo usuário. Verifica se o novo quadro tem todos os pixels preenchidos com a cor branca",
              "timedOut": null,
              "duration": 5137,
              "state": "failed",
              "speed": null,
              "pass": false,
              "fail": true,
              "pending": false,
              "context": null,
              "code": "cy.get('#board-size').clear().type(6);\ncy.get('#generate-board').click();\ncy.get('.pixel').should('have.length', 36).each(function (pixel) {\n  expect(pixel).to.have.css('background-color', WHITE);\n});",
              "err": {
                "message": "CypressError: Timed out retrying: Expected to find element: '#board-size', but never found it.",
                "estack": "CypressError: Timed out retrying: Expected to find element: '#board-size', but never found it.\n    at cypressErr (http://localhost:43941/__cypress/runner/cypress_runner.js:149934:9)\n    at throwErr (http://localhost:43941/__cypress/runner/cypress_runner.js:149867:11)\n    at Object.throwErrByPath (http://localhost:43941/__cypress/runner/cypress_runner.js:149915:3)\n    at retry (http://localhost:43941/__cypress/runner/cypress_runner.js:144197:19)\n    at onFailFn (http://localhost:43941/__cypress/runner/cypress_runner.js:132448:16)\n    at tryCatcher (http://localhost:43941/__cypress/runner/cypress_runner.js:167415:23)\n    at Promise._settlePromiseFromHandler (http://localhost:43941/__cypress/runner/cypress_runner.js:165351:31)\n    at Promise._settlePromise (http://localhost:43941/__cypress/runner/cypress_runner.js:165408:18)\n    at Promise._settlePromise0 (http://localhost:43941/__cypress/runner/cypress_runner.js:165453:10)\n    at Promise._settlePromises (http://localhost:43941/__cypress/runner/cypress_runner.js:165528:18)\n    at Async../node_modules/bluebird/js/release/async.js.Async._drainQueue (http://localhost:43941/__cypress/runner/cypress_runner.js:162140:16)\n    at Async../node_modules/bluebird/js/release/async.js.Async._drainQueues (http://localhost:43941/__cypress/runner/cypress_runner.js:162150:10)\n    at Async.drainQueues (http://localhost:43941/__cypress/runner/cypress_runner.js:162024:14)",
                "diff": null
              },
              "uuid": "eb309336-6e31-4524-b5aa-4b2a83292902",
              "parentUUID": "548f38c2-9d40-42f2-b383-3a29096fc060",
              "isHook": false,
              "skipped": false
            }
          ],
          "suites": [],
          "passes": [],
          "failures": [
            "161d5daa-6347-4f3b-be5b-20d384bffb88",
            "89a02058-760e-4182-a172-df13f774fe32",
            "3aa1df10-1184-4c50-851b-2783d0cb54a2",
            "58d4e493-144d-4f02-a799-5d6ce0d6e8a1",
            "a86e6783-8e04-4387-8a47-12e13dc43b89",
            "e9c5f373-acaf-44d0-95e8-345e03872f0b",
            "489f78f8-7807-4340-ab40-aa36ddb9668f",
            "01ed43f8-83fb-4721-bfd8-b16bd5a9daac",
            "eb309336-6e31-4524-b5aa-4b2a83292902"
          ],
          "pending": [],
          "skipped": [],
          "duration": 45934,
          "root": false,
          "rootEmpty": false,
          "_timeout": 2000
        },
        {
          "uuid": "bf0d36b5-8913-4829-b899-f292dddb623d",
          "title": "11 - Limite o tamanho mínimo e máximo do board.",
          "fullFile": "",
          "file": "",
          "beforeHooks": [],
          "afterHooks": [],
          "tests": [
            {
              "title": "Verifica se a altura máxima do board é 50",
              "fullTitle": "11 - Limite o tamanho mínimo e máximo do board. Verifica se a altura máxima do board é 50",
              "timedOut": null,
              "duration": 4899,
              "state": "failed",
              "speed": null,
              "pass": false,
              "fail": true,
              "pending": false,
              "context": null,
              "code": "cy.get('#board-size').clear().type(50);\ncy.get('#generate-board').click();\ncy.get('.pixel').should('have.length', 2500);",
              "err": {
                "message": "CypressError: Timed out retrying: Expected to find element: '#board-size', but never found it.",
                "estack": "CypressError: Timed out retrying: Expected to find element: '#board-size', but never found it.\n    at cypressErr (http://localhost:43941/__cypress/runner/cypress_runner.js:149934:9)\n    at throwErr (http://localhost:43941/__cypress/runner/cypress_runner.js:149867:11)\n    at Object.throwErrByPath (http://localhost:43941/__cypress/runner/cypress_runner.js:149915:3)\n    at retry (http://localhost:43941/__cypress/runner/cypress_runner.js:144197:19)\n    at onFailFn (http://localhost:43941/__cypress/runner/cypress_runner.js:132448:16)\n    at tryCatcher (http://localhost:43941/__cypress/runner/cypress_runner.js:167415:23)\n    at Promise._settlePromiseFromHandler (http://localhost:43941/__cypress/runner/cypress_runner.js:165351:31)\n    at Promise._settlePromise (http://localhost:43941/__cypress/runner/cypress_runner.js:165408:18)\n    at Promise._settlePromise0 (http://localhost:43941/__cypress/runner/cypress_runner.js:165453:10)\n    at Promise._settlePromises (http://localhost:43941/__cypress/runner/cypress_runner.js:165528:18)\n    at Async../node_modules/bluebird/js/release/async.js.Async._drainQueue (http://localhost:43941/__cypress/runner/cypress_runner.js:162140:16)\n    at Async../node_modules/bluebird/js/release/async.js.Async._drainQueues (http://localhost:43941/__cypress/runner/cypress_runner.js:162150:10)\n    at Async.drainQueues (http://localhost:43941/__cypress/runner/cypress_runner.js:162024:14)",
                "diff": null
              },
              "uuid": "a4fc8a0e-8082-4688-995b-468afd2fa523",
              "parentUUID": "bf0d36b5-8913-4829-b899-f292dddb623d",
              "isHook": false,
              "skipped": false
            },
            {
              "title": "Verifica se a altura do board é 5 quando um valor menor é colocado no input",
              "fullTitle": "11 - Limite o tamanho mínimo e máximo do board. Verifica se a altura do board é 5 quando um valor menor é colocado no input",
              "timedOut": null,
              "duration": 4899,
              "state": "failed",
              "speed": null,
              "pass": false,
              "fail": true,
              "pending": false,
              "context": null,
              "code": "cy.get('#board-size').clear().type(4);\ncy.get('#generate-board').click();\ncy.get('.pixel').should('have.length', 25);",
              "err": {
                "message": "CypressError: Timed out retrying: Expected to find element: '#board-size', but never found it.",
                "estack": "CypressError: Timed out retrying: Expected to find element: '#board-size', but never found it.\n    at cypressErr (http://localhost:43941/__cypress/runner/cypress_runner.js:149934:9)\n    at throwErr (http://localhost:43941/__cypress/runner/cypress_runner.js:149867:11)\n    at Object.throwErrByPath (http://localhost:43941/__cypress/runner/cypress_runner.js:149915:3)\n    at retry (http://localhost:43941/__cypress/runner/cypress_runner.js:144197:19)\n    at onFailFn (http://localhost:43941/__cypress/runner/cypress_runner.js:132448:16)\n    at tryCatcher (http://localhost:43941/__cypress/runner/cypress_runner.js:167415:23)\n    at Promise._settlePromiseFromHandler (http://localhost:43941/__cypress/runner/cypress_runner.js:165351:31)\n    at Promise._settlePromise (http://localhost:43941/__cypress/runner/cypress_runner.js:165408:18)\n    at Promise._settlePromise0 (http://localhost:43941/__cypress/runner/cypress_runner.js:165453:10)\n    at Promise._settlePromises (http://localhost:43941/__cypress/runner/cypress_runner.js:165528:18)\n    at Async../node_modules/bluebird/js/release/async.js.Async._drainQueue (http://localhost:43941/__cypress/runner/cypress_runner.js:162140:16)\n    at Async../node_modules/bluebird/js/release/async.js.Async._drainQueues (http://localhost:43941/__cypress/runner/cypress_runner.js:162150:10)\n    at Async.drainQueues (http://localhost:43941/__cypress/runner/cypress_runner.js:162024:14)",
                "diff": null
              },
              "uuid": "a2715a08-e2da-48c5-8ee7-c4ac5c155841",
              "parentUUID": "bf0d36b5-8913-4829-b899-f292dddb623d",
              "isHook": false,
              "skipped": false
            },
            {
              "title": "Verifica se a altura do board é 50 quando um valor maior é colocado no input",
              "fullTitle": "11 - Limite o tamanho mínimo e máximo do board. Verifica se a altura do board é 50 quando um valor maior é colocado no input",
              "timedOut": null,
              "duration": 5076,
              "state": "failed",
              "speed": null,
              "pass": false,
              "fail": true,
              "pending": false,
              "context": null,
              "code": "cy.get('#board-size').clear().type(51);\ncy.get('#generate-board').click();\ncy.get('.pixel').should('have.length', 2500);",
              "err": {
                "message": "CypressError: Timed out retrying: Expected to find element: '#board-size', but never found it.",
                "estack": "CypressError: Timed out retrying: Expected to find element: '#board-size', but never found it.\n    at cypressErr (http://localhost:43941/__cypress/runner/cypress_runner.js:149934:9)\n    at throwErr (http://localhost:43941/__cypress/runner/cypress_runner.js:149867:11)\n    at Object.throwErrByPath (http://localhost:43941/__cypress/runner/cypress_runner.js:149915:3)\n    at retry (http://localhost:43941/__cypress/runner/cypress_runner.js:144197:19)\n    at onFailFn (http://localhost:43941/__cypress/runner/cypress_runner.js:132448:16)\n    at tryCatcher (http://localhost:43941/__cypress/runner/cypress_runner.js:167415:23)\n    at Promise._settlePromiseFromHandler (http://localhost:43941/__cypress/runner/cypress_runner.js:165351:31)\n    at Promise._settlePromise (http://localhost:43941/__cypress/runner/cypress_runner.js:165408:18)\n    at Promise._settlePromise0 (http://localhost:43941/__cypress/runner/cypress_runner.js:165453:10)\n    at Promise._settlePromises (http://localhost:43941/__cypress/runner/cypress_runner.js:165528:18)\n    at Async../node_modules/bluebird/js/release/async.js.Async._drainQueue (http://localhost:43941/__cypress/runner/cypress_runner.js:162140:16)\n    at Async../node_modules/bluebird/js/release/async.js.Async._drainQueues (http://localhost:43941/__cypress/runner/cypress_runner.js:162150:10)\n    at Async.drainQueues (http://localhost:43941/__cypress/runner/cypress_runner.js:162024:14)",
                "diff": null
              },
              "uuid": "842b8a5a-0d13-43f8-a67f-e9c2482c3f10",
              "parentUUID": "bf0d36b5-8913-4829-b899-f292dddb623d",
              "isHook": false,
              "skipped": false
            }
          ],
          "suites": [],
          "passes": [],
          "failures": [
            "a4fc8a0e-8082-4688-995b-468afd2fa523",
            "a2715a08-e2da-48c5-8ee7-c4ac5c155841",
            "842b8a5a-0d13-43f8-a67f-e9c2482c3f10"
          ],
          "pending": [],
          "skipped": [],
          "duration": 14874,
          "root": false,
          "rootEmpty": false,
          "_timeout": 2000
        },
        {
          "uuid": "2d496c0e-3e0f-4de8-999b-88f2fb099e60",
          "title": "12 - Faça com que as cores da paleta sejam geradas aleatoriamente ao carregar a página.",
          "fullFile": "",
          "file": "",
          "beforeHooks": [],
          "afterHooks": [],
          "tests": [
            {
              "title": "Verifica se as cores geradas na paleta são diferentes a cada carregamento da página",
              "fullTitle": "12 - Faça com que as cores da paleta sejam geradas aleatoriamente ao carregar a página. Verifica se as cores geradas na paleta são diferentes a cada carregamento da página",
              "timedOut": null,
              "duration": 1193,
              "state": "failed",
              "speed": null,
              "pass": false,
              "fail": true,
              "pending": false,
              "context": null,
              "code": "cy.get('.color').then(function (colors) {\n  var currentColors;\n  var previousColors;\n  previousColors = Array.from(colors).map(function (color) {\n    return Cypress.$(color).css('background-color');\n  });\n  for (var i = 0; i < 5; i += 1) {\n    cy.reload();\n    cy.get('.color').then(function (colors) {\n      currentColors = Array.from(colors).map(function (color) {\n        return Cypress.$(color).css('background-color');\n      });\n      expect(currentColors).not.to.deep.equal(previousColors);\n      previousColors = currentColors;\n    });\n  }\n});",
              "err": {
                "message": "AssertionError: expected [ Array(4) ] to not deeply equal [ Array(4) ]",
                "estack": "AssertionError: expected [ Array(4) ] to not deeply equal [ Array(4) ]\n    at getRet (http://localhost:43941/__cypress/runner/cypress_runner.js:136585:16)\n    at tryCatcher (http://localhost:43941/__cypress/runner/cypress_runner.js:167415:23)\n    at Function.Promise.attempt.Promise.try (http://localhost:43941/__cypress/runner/cypress_runner.js:164690:29)\n    at Context.thenFn (http://localhost:43941/__cypress/runner/cypress_runner.js:136599:23)\n    at Context.then (http://localhost:43941/__cypress/runner/cypress_runner.js:136971:21)\n    at Context.<anonymous> (http://localhost:43941/__cypress/runner/cypress_runner.js:148875:21)\n    at http://localhost:43941/__cypress/runner/cypress_runner.js:148351:33\n    at tryCatcher (http://localhost:43941/__cypress/runner/cypress_runner.js:167415:23)\n    at Promise._settlePromiseFromHandler (http://localhost:43941/__cypress/runner/cypress_runner.js:165351:31)\n    at Promise._settlePromise (http://localhost:43941/__cypress/runner/cypress_runner.js:165408:18)\n    at Promise._settlePromiseCtx (http://localhost:43941/__cypress/runner/cypress_runner.js:165445:10)\n    at Async../node_modules/bluebird/js/release/async.js.Async._drainQueue (http://localhost:43941/__cypress/runner/cypress_runner.js:162145:12)\n    at Async../node_modules/bluebird/js/release/async.js.Async._drainQueues (http://localhost:43941/__cypress/runner/cypress_runner.js:162150:10)\n    at Async.drainQueues (http://localhost:43941/__cypress/runner/cypress_runner.js:162024:14)",
                "diff": ""
              },
              "uuid": "0e7b67a4-9a9d-4c10-8cf3-d427fa2fd53b",
              "parentUUID": "2d496c0e-3e0f-4de8-999b-88f2fb099e60",
              "isHook": false,
              "skipped": false
            },
            {
              "title": "Verifica se a cor preta ainda está presente e é a primeira na sua paleta de cores",
              "fullTitle": "12 - Faça com que as cores da paleta sejam geradas aleatoriamente ao carregar a página. Verifica se a cor preta ainda está presente e é a primeira na sua paleta de cores",
              "timedOut": null,
              "duration": 923,
              "state": "failed",
              "speed": null,
              "pass": false,
              "fail": true,
              "pending": false,
              "context": null,
              "code": "cy.get('.color').then(function (colors) {\n  var currentColors;\n  var previousColors;\n  previousColors = Array.from(colors).map(function (color) {\n    return Cypress.$(color).css('background-color');\n  });\n  expect(previousColors[0]).to.eq(BLACK);\n  for (var i = 0; i < 5; i += 1) {\n    cy.reload();\n    cy.get('.color').then(function (colors) {\n      currentColors = Array.from(colors).map(function (color) {\n        return Cypress.$(color).css('background-color');\n      });\n      expect(currentColors[0]).to.eq(BLACK);\n      expect(currentColors).not.to.deep.equal(previousColors);\n      previousColors = currentColors;\n    });\n  }\n});",
              "err": {
                "message": "AssertionError: expected 'rgb(0, 128, 0)' to equal 'rgb(0, 0, 0)'",
                "estack": "AssertionError: expected 'rgb(0, 128, 0)' to equal 'rgb(0, 0, 0)'\n    at getRet (http://localhost:43941/__cypress/runner/cypress_runner.js:136585:16)\n    at tryCatcher (http://localhost:43941/__cypress/runner/cypress_runner.js:167415:23)\n    at Function.Promise.attempt.Promise.try (http://localhost:43941/__cypress/runner/cypress_runner.js:164690:29)\n    at Context.thenFn (http://localhost:43941/__cypress/runner/cypress_runner.js:136599:23)\n    at Context.then (http://localhost:43941/__cypress/runner/cypress_runner.js:136971:21)\n    at Context.<anonymous> (http://localhost:43941/__cypress/runner/cypress_runner.js:148875:21)\n    at http://localhost:43941/__cypress/runner/cypress_runner.js:148351:33\n    at tryCatcher (http://localhost:43941/__cypress/runner/cypress_runner.js:167415:23)\n    at Promise._settlePromiseFromHandler (http://localhost:43941/__cypress/runner/cypress_runner.js:165351:31)\n    at Promise._settlePromise (http://localhost:43941/__cypress/runner/cypress_runner.js:165408:18)\n    at Promise._settlePromiseCtx (http://localhost:43941/__cypress/runner/cypress_runner.js:165445:10)\n    at Async../node_modules/bluebird/js/release/async.js.Async._drainQueue (http://localhost:43941/__cypress/runner/cypress_runner.js:162145:12)\n    at Async../node_modules/bluebird/js/release/async.js.Async._drainQueues (http://localhost:43941/__cypress/runner/cypress_runner.js:162150:10)\n    at Async.drainQueues (http://localhost:43941/__cypress/runner/cypress_runner.js:162024:14)",
                "diff": "- 'rgb(0, 128, 0)'\n+ 'rgb(0, 0, 0)'\n"
              },
              "uuid": "1060912d-6f4d-41c2-b2b0-29242862bd29",
              "parentUUID": "2d496c0e-3e0f-4de8-999b-88f2fb099e60",
              "isHook": false,
              "skipped": false
            }
          ],
          "suites": [],
          "passes": [],
          "failures": [
            "0e7b67a4-9a9d-4c10-8cf3-d427fa2fd53b",
            "1060912d-6f4d-41c2-b2b0-29242862bd29"
          ],
          "pending": [],
          "skipped": [],
          "duration": 2116,
          "root": false,
          "rootEmpty": false,
          "_timeout": 2000
        }
      ],
      "passes": [],
      "failures": [],
      "pending": [],
      "skipped": [],
      "duration": 0,
      "root": true,
      "rootEmpty": true,
      "_timeout": 2000
    }
  ],
  "meta": {
    "mocha": {
      "version": "7.0.1"
    },
    "mochawesome": {
      "options": {
        "quiet": false,
        "reportFilename": "mochawesome",
        "saveHtml": false,
        "saveJson": true,
        "consoleReporter": "spec",
        "useInlineDiffs": false
      },
      "version": "4.1.0"
    },
    "marge": {
      "options": {
        "id": "default",
        "reportDir": "cypress/reports",
        "overwrite": true,
        "html": false,
        "json": true
      },
      "version": "4.1.0"
    }
  }
}